
                    Monthly report
Date           Start time   End time     Hours worked
*******************************************************
20260226       07:30        11:50        4.33
               12:20        16:00        3.67
                                         08.00
20260227       08:00        12:00        4.00
               12:30        14:00        1.50
                                         05.50
20260302       07:30        11:50        4.33
               12:20        16:00        3.67
                                         08.00
20260303       07:30        11:50        4.33
               12:20        16:00        3.67
                                         08.00
20260304       07:30        11:50        4.33
               12:20        16:00        3.67
                                         08.00
20260305       07:30        11:50        4.33
               12:20        16:00        3.67
                                         08.00
20260306       08:00        11:50        3.83
               12:20        14:00        1.67
                                         05.50
20260309       07:30        11:50        4.33
               12:20        16:00        3.67
                                         08.00
20260310       07:30        11:29        3.98
               11:59        16:00        4.02
                                         08.00
20260311       07:30        11:50        4.33
               12:20        16:00        3.67
                                         08.00
20260312       07:30        11:50        4.33
               12:20        16:00        3.67
                                         08.00
20260313       08:00        11:50        3.83
               12:20        14:00        1.67
                                         05.50
20260316       07:30        11:50        4.33
               12:20        16:00        3.67
                                         08.00
20260317       07:30        16:00        8.50
                                         08.50
20260318       07:30        11:50        4.33
               12:20        16:00        3.67
                                         08.00
20260319       07:30        11:50        4.33
               12:20        16:00        3.67
                                         08.00
20260320       08:00        11:50        3.83
               12:20        14:00        1.67
                                         05.50
20260323       07:30        11:50        4.33
               12:20        16:00        3.67
                                         08.00
20260324       07:30        11:50        4.33
               12:20        16:00        3.67
                                         08.00
20260325       07:30        11:50        4.33
               12:20        16:00        3.67
                                         08.00
*******************************************************
               Total: 150.50     Days: 20
